2023-02-17 11:13:08 ERROR    OPEN packet not returned by server
2023-02-17 11:14:11 ERROR    OPEN packet not returned by server
2023-02-17 11:14:54 ERROR    OPEN packet not returned by server
2023-02-17 11:16:05 ERROR    OPEN packet not returned by server
2023-02-17 11:17:09 ERROR    OPEN packet not returned by server
2023-02-17 11:19:24 ERROR    OPEN packet not returned by server
2023-02-17 11:22:58 ERROR    {'code': 0, 'message': 'Transport unknown'}
2023-02-17 11:23:27 ERROR    OPEN packet not returned by server
2023-02-17 11:27:24 ERROR    OPEN packet not returned by server
2023-02-17 11:28:20 INFO     Timer: Connection to Streamlabs socket established
2023-02-17 11:28:22 INFO     Timer: Connection to Streamlabs socket was closed
2023-02-17 11:29:26 ERROR    OPEN packet not returned by server
2023-02-17 11:30:23 ERROR    OPEN packet not returned by server
2023-02-17 11:31:10 INFO     Timer: Connection to Streamlabs socket established
2023-02-17 11:32:52 INFO     Timer: Connection to Streamlabs socket was closed
2023-02-17 11:33:38 INFO     Timer: Connection to Streamlabs socket established
2023-02-17 11:33:41 INFO     Timer: Connection to Streamlabs socket was closed
2023-02-17 11:34:17 INFO     Timer: Connection to Streamlabs socket established
2023-02-17 11:34:19 INFO     Timer: Connection to Streamlabs socket was closed
2023-02-17 11:35:04 ERROR    OPEN packet not returned by server
2023-02-17 11:37:17 INFO     Timer: Connection to Streamlabs socket established
2023-02-17 11:37:48 INFO     Timer: Connection to Streamlabs socket was closed
2023-02-17 11:37:56 INFO     Timer: Connection to Streamlabs socket established
2023-02-17 11:38:26 INFO     Timer: Connection to Streamlabs socket was closed
2023-02-17 11:38:38 ERROR    Connection refused by the server
2023-02-17 11:39:36 INFO     Timer: Connection to Streamlabs socket established
2023-02-17 11:40:36 INFO     Timer: Connection to Streamlabs socket was closed
2023-02-18 03:22:19 INFO     Timer: Connection to Streamlabs socket established
2023-02-18 03:36:34 INFO     Timer: Connection to Streamlabs socket was closed
2023-02-18 12:52:00 INFO     Timer: Connection to Streamlabs socket established
2023-02-18 12:52:07 INFO     Timer: Connection to Streamlabs socket was closed
2023-04-20 10:31:49 ERROR    packet queue is empty, aborting
2023-04-20 10:31:49 ERROR    packet queue is empty, aborting
2023-04-20 10:32:14 ERROR    Unclosed client session
client_session: <aiohttp.client.ClientSession object at 0x7f257bb10c90>
2023-04-20 10:32:14 ERROR    Unclosed client session
client_session: <aiohttp.client.ClientSession object at 0x7f257baf7e10>
